$ vite build
vite v7.3.1 building client environment for production...
transforming...
✓ 2883 modules transformed.
rendering chunks...
computing gzip size...
dist/client/assets/globals-ByvJJrqv.css                                 170.94 kB │ gzip:  25.62 kB
dist/client/assets/check-T1sU9lpU.js                                      0.13 kB │ gzip:   0.15 kB
dist/client/assets/loader-circle-NbbRQDkw.js                              0.15 kB │ gzip:   0.16 kB
dist/client/assets/clsx-B-dksMZM.js                                       0.37 kB │ gzip:   0.24 kB
dist/client/assets/index-Dcb6RL-O.js                                      0.73 kB │ gzip:   0.42 kB
dist/client/assets/users-D6MSZXxV.js                                      0.90 kB │ gzip:   0.45 kB
dist/client/assets/input-b6a9F2MV.js                                      1.00 kB │ gzip:   0.53 kB
dist/client/assets/label-Ldc4v2IJ.js                                      1.14 kB │ gzip:   0.70 kB
dist/client/assets/createLucideIcon-pPouM_NT.js                           1.17 kB │ gzip:   0.69 kB
dist/client/assets/app-BJy-G9nf.js                                        1.29 kB │ gzip:   0.38 kB
dist/client/assets/card-BRGvc15T.js                                       2.10 kB │ gzip:   0.66 kB
dist/client/assets/useMutation-zRkjPphk.js                                2.20 kB │ gzip:   0.90 kB
dist/client/assets/team-performance-chart-CVArvfDZ.js                     2.43 kB │ gzip:   0.80 kB
dist/client/assets/social-icons-kxMRxu-X.js                               2.62 kB │ gzip:   0.99 kB
dist/client/assets/projects-CvxoMbMd.js                                   3.54 kB │ gzip:   0.93 kB
dist/client/assets/productivity-trend-chart-Cn1xyI2J.js                   4.09 kB │ gzip:   0.85 kB
dist/client/assets/_auth-Do_hAh4n.js                                      4.22 kB │ gzip:   0.79 kB
dist/client/assets/index-B-xcFDWL.js                                      4.45 kB │ gzip:   1.86 kB
dist/client/assets/login-N4jVYb3b.js                                      7.48 kB │ gzip:   1.70 kB
dist/client/assets/useQuery-CO-HeD5R.js                                   9.42 kB │ gzip:   3.51 kB
dist/client/assets/billing-BhzTdqjp.js                                    9.57 kB │ gzip:   1.66 kB
dist/client/assets/index-DakmDbXG.js                                     12.16 kB │ gzip:   2.55 kB
dist/client/assets/focus-time-chart-CdZcsBRv.js                          13.17 kB │ gzip:   4.80 kB
dist/client/assets/signup-C_pDsNjv.js                                    14.26 kB │ gzip:   3.75 kB
dist/client/assets/api-DkTaQ4OF.js                                       24.17 kB │ gzip:   8.53 kB
dist/client/assets/assets-DL56Oyf_.js                                    27.28 kB │ gzip:   5.48 kB
dist/client/assets/task-distribution-chart-C929YPft.js                   27.83 kB │ gzip:   7.53 kB
dist/client/assets/client-CYF9P6v9.js                                    28.46 kB │ gzip:  10.54 kB
dist/client/assets/button-wlfWT-yh.js                                    30.38 kB │ gzip:   9.96 kB
dist/client/assets/badge-CKMM7_71.js                                     32.42 kB │ gzip:  10.76 kB
dist/client/assets/FloatingTanStackRouterDevtools-g7TnL6yo-Br53fe2j.js   57.05 kB │ gzip:  16.84 kB
dist/client/assets/productivity-C-Ts1-DR.js                             693.87 kB │ gzip: 165.77 kB
dist/client/assets/main-CQ_9lipr.js                                     862.33 kB │ gzip: 265.52 kB
✓ built in 8.98s
vite v7.3.1 building ssr environment for production...
transforming...
✓ 4848 modules transformed.
✗ Build failed in 7.56s
error during build:
../api/src/middleware/rate-limit-redis.ts (11:9): "RateLimitError" is not exported by "../api/src/lib/errors.ts", imported by "../api/src/middleware/rate-limit-redis.ts".
file: /Users/aryaminakshi/Developer/projects/apps/api/src/middleware/rate-limit-redis.ts:11:9

 9: import { Ratelimit } from "@upstash/ratelimit";
10: import { redis } from "@projects/storage/redis";
11: import { RateLimitError } from "../lib/errors";
             ^
12: 
13: interface RateLimitOptions {

    at getRollupError (file:///Users/aryaminakshi/Developer/projects/node_modules/rollup/dist/es/shared/parseAst.js:401:41)
    at error (file:///Users/aryaminakshi/Developer/projects/node_modules/rollup/dist/es/shared/parseAst.js:397:42)
    at Module.error (file:///Users/aryaminakshi/Developer/projects/node_modules/rollup/dist/es/shared/node-entry.js:17022:16)
    at Module.traceVariable (file:///Users/aryaminakshi/Developer/projects/node_modules/rollup/dist/es/shared/node-entry.js:17478:29)
    at ModuleScope.findVariable (file:///Users/aryaminakshi/Developer/projects/node_modules/rollup/dist/es/shared/node-entry.js:15141:39)
    at FunctionScope.findVariable (file:///Users/aryaminakshi/Developer/projects/node_modules/rollup/dist/es/shared/node-entry.js:5688:38)
    at FunctionBodyScope.findVariable (file:///Users/aryaminakshi/Developer/projects/node_modules/rollup/dist/es/shared/node-entry.js:5688:38)
    at ReturnValueScope.findVariable (file:///Users/aryaminakshi/Developer/projects/node_modules/rollup/dist/es/shared/node-entry.js:5688:38)
    at FunctionBodyScope.findVariable (file:///Users/aryaminakshi/Developer/projects/node_modules/rollup/dist/es/shared/node-entry.js:5688:38)
    at TrackingScope.findVariable (file:///Users/aryaminakshi/Developer/projects/node_modules/rollup/dist/es/shared/node-entry.js:5688:38)
error: script "build" exited with code 1
